2016/02/04 20:26:32 [error] [exception.CException] exception 'CException' with message 'User and its behaviors do not have a method or closure named "validatePassword".' in D:\PHP\xampp\htdocs\yii-1.1.17\framework\base\CComponent.php:266
Stack trace:
#0 D:\PHP\xampp\htdocs\yii-1.1.17\framework\db\ar\CActiveRecord.php(227): CComponent->__call('validatePasswor...', Array)
#1 D:\PHP\xampp\htdocs\yiitest\protected\components\UserIdentity.php(41): CActiveRecord->__call('validatePasswor...', Array)
#2 D:\PHP\xampp\htdocs\yiitest\protected\components\UserIdentity.php(41): User->validatePassword('test')
#3 D:\PHP\xampp\htdocs\yiitest\protected\models\LoginForm.php(52): UserIdentity->authenticate()
#4 D:\PHP\xampp\htdocs\yii-1.1.17\framework\validators\CInlineValidator.php(42): LoginForm->authenticate('password', Array)
#5 D:\PHP\xampp\htdocs\yii-1.1.17\framework\validators\CValidator.php(201): CInlineValidator->validateAttribute(Object(LoginForm), 'password')
#6 D:\PHP\xampp\htdocs\yii-1.1.17\framework\base\CModel.php(159): CValidator->validate(Object(LoginForm), NULL)
#7 D:\PHP\xampp\htdocs\yiitest\protected\controllers\SiteController.php(94): CModel->validate()
#8 D:\PHP\xampp\htdocs\yii-1.1.17\framework\web\actions\CInlineAction.php(49): SiteController->actionLogin()
#9 D:\PHP\xampp\htdocs\yii-1.1.17\framework\web\CController.php(308): CInlineAction->runWithParams(Array)
#10 D:\PHP\xampp\htdocs\yii-1.1.17\framework\web\CController.php(286): CController->runAction(Object(CInlineAction))
#11 D:\PHP\xampp\htdocs\yii-1.1.17\framework\web\CController.php(265): CController->runActionWithFilters(Object(CInlineAction), Array)
#12 D:\PHP\xampp\htdocs\yii-1.1.17\framework\web\CWebApplication.php(282): CController->run('login')
#13 D:\PHP\xampp\htdocs\yii-1.1.17\framework\web\CWebApplication.php(141): CWebApplication->runController('site/login')
#14 D:\PHP\xampp\htdocs\yii-1.1.17\framework\base\CApplication.php(185): CWebApplication->processRequest()
#15 D:\PHP\xampp\htdocs\yiitest\index.php(13): CApplication->run()
#16 {main}
REQUEST_URI=/yiitest/index.php?r=site/login
HTTP_REFERER=http://localhost/yiitest/index.php?r=site/login
---
2016/02/04 21:51:09 [error] [php] htmlspecialchars() expects parameter 1 to be string, object given (D:\PHP\xampp\htdocs\yii-1.1.17\framework\web\helpers\CHtml.php:108)
Stack trace:
#0 D:\PHP\xampp\htdocs\yii-1.1.17\framework\web\helpers\CHtml.php(163): renderAttributes()
#1 D:\PHP\xampp\htdocs\yii-1.1.17\framework\web\helpers\CHtml.php(2455): tag()
#2 D:\PHP\xampp\htdocs\yii-1.1.17\framework\web\helpers\CHtml.php(1534): activeInputField()
#3 D:\PHP\xampp\htdocs\yii-1.1.17\framework\web\widgets\CActiveForm.php(792): activeTextField()
#4 D:\PHP\xampp\htdocs\yiitest\protected\views\post\_form.php(36): CActiveForm->textField()
#5 D:\PHP\xampp\htdocs\yii-1.1.17\framework\web\CBaseController.php(126): require()
#6 D:\PHP\xampp\htdocs\yii-1.1.17\framework\web\CBaseController.php(95): PostController->renderInternal()
#7 D:\PHP\xampp\htdocs\yii-1.1.17\framework\web\CController.php(869): PostController->renderFile()
#8 D:\PHP\xampp\htdocs\yiitest\protected\views\post\create.php(18): PostController->renderPartial()
#9 D:\PHP\xampp\htdocs\yii-1.1.17\framework\web\CBaseController.php(126): require()
#10 D:\PHP\xampp\htdocs\yii-1.1.17\framework\web\CBaseController.php(95): PostController->renderInternal()
#11 D:\PHP\xampp\htdocs\yii-1.1.17\framework\web\CController.php(869): PostController->renderFile()
#12 D:\PHP\xampp\htdocs\yii-1.1.17\framework\web\CController.php(782): PostController->renderPartial()
#13 D:\PHP\xampp\htdocs\yiitest\protected\controllers\PostController.php(81): PostController->render()
#14 D:\PHP\xampp\htdocs\yii-1.1.17\framework\web\actions\CInlineAction.php(49): PostController->actionCreate()
#15 D:\PHP\xampp\htdocs\yii-1.1.17\framework\web\CController.php(308): CInlineAction->runWithParams()
#16 D:\PHP\xampp\htdocs\yii-1.1.17\framework\web\filters\CFilterChain.php(133): PostController->runAction()
#17 D:\PHP\xampp\htdocs\yii-1.1.17\framework\web\filters\CFilter.php(40): CFilterChain->run()
#18 D:\PHP\xampp\htdocs\yii-1.1.17\framework\web\CController.php(1145): CAccessControlFilter->filter()
#19 D:\PHP\xampp\htdocs\yii-1.1.17\framework\web\filters\CInlineFilter.php(58): PostController->filterAccessControl()
#20 D:\PHP\xampp\htdocs\yii-1.1.17\framework\web\filters\CFilterChain.php(130): CInlineFilter->filter()
#21 D:\PHP\xampp\htdocs\yii-1.1.17\framework\web\CController.php(291): CFilterChain->run()
#22 D:\PHP\xampp\htdocs\yii-1.1.17\framework\web\CController.php(265): PostController->runActionWithFilters()
#23 D:\PHP\xampp\htdocs\yii-1.1.17\framework\web\CWebApplication.php(282): PostController->run()
#24 D:\PHP\xampp\htdocs\yii-1.1.17\framework\web\CWebApplication.php(141): CWebApplication->runController()
#25 D:\PHP\xampp\htdocs\yii-1.1.17\framework\base\CApplication.php(185): CWebApplication->processRequest()
#26 D:\PHP\xampp\htdocs\yiitest\index.php(13): CWebApplication->run()
REQUEST_URI=/yiitest/index.php?r=post/create
in D:\PHP\xampp\htdocs\yiitest\protected\views\post\_form.php (36)
in D:\PHP\xampp\htdocs\yiitest\protected\views\post\create.php (18)
in D:\PHP\xampp\htdocs\yiitest\protected\controllers\PostController.php (81)
2016/02/04 21:52:11 [error] [exception.CException] exception 'CException' with message 'Property "PostController.updateTime" is not defined.' in D:\PHP\xampp\htdocs\yii-1.1.17\framework\base\CComponent.php:173
Stack trace:
#0 D:\PHP\xampp\htdocs\yiitest\protected\controllers\PostController.php(73): CComponent->__set('updateTime', 1454619131)
#1 D:\PHP\xampp\htdocs\yii-1.1.17\framework\web\actions\CInlineAction.php(49): PostController->actionCreate()
#2 D:\PHP\xampp\htdocs\yii-1.1.17\framework\web\CController.php(308): CInlineAction->runWithParams(Array)
#3 D:\PHP\xampp\htdocs\yii-1.1.17\framework\web\filters\CFilterChain.php(133): CController->runAction(Object(CInlineAction))
#4 D:\PHP\xampp\htdocs\yii-1.1.17\framework\web\filters\CFilter.php(40): CFilterChain->run()
#5 D:\PHP\xampp\htdocs\yii-1.1.17\framework\web\CController.php(1145): CFilter->filter(Object(CFilterChain))
#6 D:\PHP\xampp\htdocs\yii-1.1.17\framework\web\filters\CInlineFilter.php(58): CController->filterAccessControl(Object(CFilterChain))
#7 D:\PHP\xampp\htdocs\yii-1.1.17\framework\web\filters\CFilterChain.php(130): CInlineFilter->filter(Object(CFilterChain))
#8 D:\PHP\xampp\htdocs\yii-1.1.17\framework\web\CController.php(291): CFilterChain->run()
#9 D:\PHP\xampp\htdocs\yii-1.1.17\framework\web\CController.php(265): CController->runActionWithFilters(Object(CInlineAction), Array)
#10 D:\PHP\xampp\htdocs\yii-1.1.17\framework\web\CWebApplication.php(282): CController->run('create')
#11 D:\PHP\xampp\htdocs\yii-1.1.17\framework\web\CWebApplication.php(141): CWebApplication->runController('post/create')
#12 D:\PHP\xampp\htdocs\yii-1.1.17\framework\base\CApplication.php(185): CWebApplication->processRequest()
#13 D:\PHP\xampp\htdocs\yiitest\index.php(13): CApplication->run()
#14 {main}
REQUEST_URI=/yiitest/index.php?r=post/create
HTTP_REFERER=http://localhost/yiitest/index.php?r=post/create
---
